<?xml version="1.0" encoding="utf-8"?><testsuites><testsuite name="pytest" errors="0" failures="0" skipped="0" tests="8" time="1.582" timestamp="2026-06-28T12:12:42.570055" hostname="runnervmmklqx"><testcase classname="tests.test_tc01_create" name="test_tc01_01_create_booking_valid_data" time="0.457" /><testcase classname="tests.test_tc01_create" name="test_tc01_02_create_booking_missing_required_field" time="0.099" /><testcase classname="tests.test_tc02_read" name="test_tc02_01_get_booking_by_valid_id" time="0.194" /><testcase classname="tests.test_tc02_read" name="test_tc02_02_get_bookings_boundary_date_range" time="0.086" /><testcase classname="tests.test_tc03_update" name="test_tc03_01_update_booking_valid_data" time="0.202" /><testcase classname="tests.test_tc03_update" name="test_tc03_02_update_booking_invalid_id" time="0.105" /><testcase classname="tests.test_tc04_delete" name="test_tc04_01_delete_booking_valid_id" time="0.269" /><testcase classname="tests.test_tc04_delete" name="test_tc04_02_delete_booking_nonexistent_id" time="0.125" /></testsuite></testsuites>