<?xml version="1.0" encoding="utf-8"?><testsuites><testsuite name="pytest" errors="0" failures="0" skipped="0" tests="8" time="0.776" timestamp="2026-06-21T16:31:10.902693" hostname="runnervm7b5n9"><testcase classname="tests.test_tc01_create" name="test_tc01_01_create_booking_valid_data" time="0.306" /><testcase classname="tests.test_tc01_create" name="test_tc01_02_create_booking_missing_required_field" time="0.024" /><testcase classname="tests.test_tc02_read" name="test_tc02_01_get_booking_by_valid_id" time="0.141" /><testcase classname="tests.test_tc02_read" name="test_tc02_02_get_bookings_boundary_date_range" time="0.028" /><testcase classname="tests.test_tc03_update" name="test_tc03_01_update_booking_valid_data" time="0.059" /><testcase classname="tests.test_tc03_update" name="test_tc03_02_update_booking_invalid_id" time="0.050" /><testcase classname="tests.test_tc04_delete" name="test_tc04_01_delete_booking_valid_id" time="0.077" /><testcase classname="tests.test_tc04_delete" name="test_tc04_02_delete_booking_nonexistent_id" time="0.045" /></testsuite></testsuites>